<?xml version="1.0" encoding="UTF-8"?>
<Site BuildName="(empty)"
	BuildStamp="20250212-1110-Experimental"
	Name="(empty)"
	Generator="ctest-3.28.3"
	CompilerName=""
	CompilerVersion=""
	OSName="Linux"
	Hostname="casemiromjm-Yoga-Pro-7-14APH8"
	OSRelease="6.8.0-53-generic"
	OSVersion="#55-Ubuntu SMP PREEMPT_DYNAMIC Fri Jan 17 15:37:52 UTC 2025"
	OSPlatform="x86_64"
	Is64Bits="1"
	VendorString="AuthenticAMD"
	VendorID="Advanced Micro Devices"
	FamilyID="25"
	ModelID="116"
	ProcessorCacheSize="1024"
	NumberOfLogicalCPU="16"
	NumberOfPhysicalCPU="8"
	TotalVirtualMemory="2047"
	TotalPhysicalMemory="27744"
	LogicalProcessorsPerPhysical="2"
	ProcessorClockFrequency="2681.89"
	>
	<Testing>
		<StartDateTime>Feb 12 11:10 WET</StartDateTime>
		<StartTestTime>1739358646</StartTestTime>
		<TestList/>
		<EndDateTime>Feb 12 11:10 WET</EndDateTime>
		<EndTestTime>1739358646</EndTestTime>
		<ElapsedMinutes>0</ElapsedMinutes>
	</Testing>
</Site>
